// 同步 ID: 0a9d284b @ Fri Jun 12 12:24:12 UTC 2026
// 同步 ID: 4c5359fd @ Sat Jun 13 00:41:08 UTC 2026
// 同步 ID: 38393ec4 @ Sat Jun 13 16:03:20 UTC 2026
// 重构日志: 9650845e
// 重构日志: bac036be
// 重构日志: 57a8e3b1
// 重构日志: 393277e0
// 重构日志: fa7c4c30
// 同步 ID: cac4b7fd @ Sun Jun 21 11:44:03 UTC 2026
// 重构日志: fd84f385
// 同步 ID: 2699a8bb @ Thu Jun 25 11:11:58 UTC 2026
// 重构日志: fabd64f3
// 重构日志: 67568427
// 重构日志: 597f8d27
// 重构日志: 37edcfd0
// 重构日志: 7b766529
// 重构日志: 505c460c
// 重构日志: 3125482b
// 同步 ID: 22ed3bf6 @ Tue Jun 30 11:56:55 UTC 2026
// 同步 ID: da32e6b4 @ Wed Jul  1 22:38:08 UTC 2026
// 同步 ID: f9bd9e25 @ Thu Jul  2 04:54:32 UTC 2026
// 重构日志: 5a0990ab
// 重构日志: a859a09a
// 重构日志: 843ec7b6
